0 info it worked if it ends with ok
1 verbose cli [ 'C:\\Program Files\\nodejs\\node.exe',
1 verbose cli   'C:\\Users\\syedhaq\\AppData\\Roaming\\npm\\node_modules\\npm\\bin\\npm-cli.js',
1 verbose cli   'start' ]
2 info using npm@3.10.10
3 info using node@v10.15.3
4 verbose run-script [ 'prestart', 'start', 'poststart' ]
5 info lifecycle nodeserver@1.0.0~prestart: nodeserver@1.0.0
6 silly lifecycle nodeserver@1.0.0~prestart: no script for prestart, continuing
7 info lifecycle nodeserver@1.0.0~start: nodeserver@1.0.0
8 verbose lifecycle nodeserver@1.0.0~start: unsafe-perm in lifecycle true
9 verbose lifecycle nodeserver@1.0.0~start: PATH: C:\Users\syedhaq\AppData\Roaming\npm\node_modules\npm\bin\node-gyp-bin;C:\Users\syedhaq\Desktop\Real_food_project-Var\Backend-nodejs\node_modules\.bin;C:\Program Files (x86)\ImageMagick-7.0.7-Q8;C:\Program Files (x86)\Common Files\Oracle\Java\javapath;c:\Program Files (x86)\Intel\iCLS Client\;c:\Program Files\Intel\iCLS Client\;C:\Program Files (x86)\NVIDIA Corporation\PhysX\Common;C:\Windows\system32;C:\Windows;C:\Windows\System32\Wbem;C:\Windows\System32\WindowsPowerShell\v1.0\;C:\Program Files\Intel\Intel(R) Management Engine Components\DAL;C:\Program Files\Intel\Intel(R) Management Engine Components\IPT;C:\Program Files (x86)\Intel\Intel(R) Management Engine Components\DAL;C:\Program Files (x86)\Intel\Intel(R) Management Engine Components\IPT;C:\Program Files (x86)\Windows Live\Shared;C:\Program Files (x86)\Microsoft ASP.NET\ASP.NET Web Pages\v1.0\;C:\Users\syedhaq\AppData\Local\Smartbar\Application\;C:\Program Files\Microsoft\Web Platform Installer\;C:\WINDOWS\system32;C:\WINDOWS;C:\WINDOWS\System32\Wbem;C:\WINDOWS\System32\WindowsPowerShell\v1.0\;C:\WINDOWS\system32\config\systemprofile\.dnx\bin;C:\Program Files\Microsoft DNX\Dnvm\;C:\Program Files\Microsoft SQL Server\130\Tools\Binn\;C:\Program Files (x86)\Microsoft SQL Server\100\Tools\Binn\;C:\Program Files (x86)\Microsoft SQL Server\100\DTS\Binn\;C:\Program Files (x86)\Microsoft SQL Server\100\Tools\Binn\VSShell\Common7\IDE\;C:\Program Files (x86)\Microsoft Visual Studio 9.0\Common7\IDE\PrivateAssemblies\;C:\Program Files\Microsoft SQL Server\Client SDK\ODBC\110\Tools\Binn\;C:\Program Files (x86)\Microsoft SQL Server\120\Tools\Binn\;C:\Program Files\Microsoft SQL Server\120\Tools\Binn\;C:\Program Files\Microsoft SQL Server\120\DTS\Binn\;C:\Program Files (x86)\Microsoft SQL Server\120\Tools\Binn\ManagementStudio\;C:\Program Files (x86)\Microsoft SQL Server\120\DTS\Binn\;C:\Program Files\Microsoft SQL Server\Client SDK\ODBC\130\Tools\Binn\;C:\Program Files (x86)\Microsoft SQL Server\130\Tools\Binn\;C:\Program Files\Microsoft SQL Server\130\DTS\Binn\;C:\Program Files (x86)\Microsoft SQL Server\Client SDK\ODBC\130\Tools\Binn\;C:\Program Files (x86)\Microsoft SQL Server\140\Tools\Binn\;C:\Program Files (x86)\Microsoft SQL Server\140\DTS\Binn\;C:\Program Files (x86)\Microsoft SQL Server\140\Tools\Binn\ManagementStudio\;C:\Program Files (x86)\Skype\Phone\;C:\WINDOWS\System32\OpenSSH\;C:\Program Files\dotnet\;C:\Program Files\Git\cmd;C:\Program Files\nodejs\;C:\Program Files\PuTTY\;C:\Program Files\Amazon\AWSCLIV2DevPreview\;C:\Program Files\Amazon\AWSCLI\bin\;C:\Users\syedhaq\.windows-build-tools\python27\;C:\Users\syedhaq\AppData\Local\Microsoft\WindowsApps;C:\Users\syedhaq\AppData\Local\atom\bin;C:\Users\syedhaq\AppData\Roaming\npm;C:\Users\syedhaq\AppData\Local\Programs\Microsoft VS Code\bin;C:\Users\syedhaq\AppData\Local\Microsoft\WindowsApps;
10 verbose lifecycle nodeserver@1.0.0~start: CWD: C:\Users\syedhaq\Desktop\Real_food_project-Var\Backend-nodejs
11 silly lifecycle nodeserver@1.0.0~start: Args: [ '/d /s /c', 'node server.js' ]
12 silly lifecycle nodeserver@1.0.0~start: Returned: code: 1  signal: null
13 info lifecycle nodeserver@1.0.0~start: Failed to exec start script
14 verbose stack Error: nodeserver@1.0.0 start: `node server.js`
14 verbose stack Exit status 1
14 verbose stack     at EventEmitter.<anonymous> (C:\Users\syedhaq\AppData\Roaming\npm\node_modules\npm\lib\utils\lifecycle.js:255:16)
14 verbose stack     at EventEmitter.emit (events.js:189:13)
14 verbose stack     at ChildProcess.<anonymous> (C:\Users\syedhaq\AppData\Roaming\npm\node_modules\npm\lib\utils\spawn.js:40:14)
14 verbose stack     at ChildProcess.emit (events.js:189:13)
14 verbose stack     at maybeClose (internal/child_process.js:970:16)
14 verbose stack     at Process.ChildProcess._handle.onexit (internal/child_process.js:259:5)
15 verbose pkgid nodeserver@1.0.0
16 verbose cwd C:\Users\syedhaq\Desktop\Real_food_project-Var\Backend-nodejs
17 error Windows_NT 10.0.18362
18 error argv "C:\\Program Files\\nodejs\\node.exe" "C:\\Users\\syedhaq\\AppData\\Roaming\\npm\\node_modules\\npm\\bin\\npm-cli.js" "start"
19 error node v10.15.3
20 error npm  v3.10.10
21 error code ELIFECYCLE
22 error nodeserver@1.0.0 start: `node server.js`
22 error Exit status 1
23 error Failed at the nodeserver@1.0.0 start script 'node server.js'.
23 error Make sure you have the latest version of node.js and npm installed.
23 error If you do, this is most likely a problem with the nodeserver package,
23 error not with npm itself.
23 error Tell the author that this fails on your system:
23 error     node server.js
23 error You can get information on how to open an issue for this project with:
23 error     npm bugs nodeserver
23 error Or if that isn't available, you can get their info via:
23 error     npm owner ls nodeserver
23 error There is likely additional logging output above.
24 verbose exit [ 1, true ]
